<?xml version="1.0" encoding="UTF-8"?>
<!-- Generated by org.testng.reporters.JUnitReportReporter -->
<testsuite hostname="DEVOPS_01" name="testng1.NewTest1" tests="1" failures="0" timestamp="30 Jul 2018 10:18:41 GMT" time="0.517" errors="0">
  <testcase name="f" time="0.517" classname="testng1.NewTest1"/>
</testsuite> <!-- testng1.NewTest1 -->
